INFO - 2023-12-09 14:50:39 --> Session: Class initialized using 'CodeIgniter\Session\Handlers\FileHandler' driver.
CRITICAL - 2023-12-09 14:50:39 --> chmod() has been disabled for security reasons
in SYSTEMPATH/Log/Handlers/FileHandler.php on line 119.
 1 [internal function]: CodeIgniter\Debug\Exceptions->errorHandler()
 2 SYSTEMPATH/Log/Handlers/FileHandler.php(119): chmod()
 3 SYSTEMPATH/Log/Logger.php(294): CodeIgniter\Log\Handlers\FileHandler->handle()
 4 SYSTEMPATH/Log/Logger.php(233): CodeIgniter\Log\Logger->log()
 5 SYSTEMPATH/Session/Session.php(260): CodeIgniter\Log\Logger->info()
 6 SYSTEMPATH/Config/Services.php(693): CodeIgniter\Session\Session->start()
 7 SYSTEMPATH/Config/BaseService.php(258): CodeIgniter\Config\Services::session()
 8 SYSTEMPATH/Config/BaseService.php(199): CodeIgniter\Config\BaseService::__callStatic()
 9 SYSTEMPATH/Config/Services.php(664): CodeIgniter\Config\BaseService::getSharedInstance()
10 SYSTEMPATH/Config/BaseService.php(258): CodeIgniter\Config\Services::session()
11 SYSTEMPATH/Common.php(996): CodeIgniter\Config\BaseService::__callStatic()
12 APPPATH/Controllers/Compte.php(277): session()
13 SYSTEMPATH/CodeIgniter.php(942): App\Controllers\Compte->deconnecter()
14 SYSTEMPATH/CodeIgniter.php(502): CodeIgniter\CodeIgniter->runController()
15 SYSTEMPATH/CodeIgniter.php(361): CodeIgniter\CodeIgniter->handleRequest()
16 FCPATH/index.php(79): CodeIgniter\CodeIgniter->run()
INFO - 2023-12-09 14:50:44 --> Session: Class initialized using 'CodeIgniter\Session\Handlers\FileHandler' driver.
ERROR - 2023-12-09 18:20:21 --> mysqli_sql_exception: You have an error in your SQL syntax; check the manual that corresponds to your MariaDB server version for the right syntax to use near 'eta_num = 1' at line 12 in /home/2023DIFAL3/e22109603/public_html/V2/ci/system/Database/MySQLi/Connection.php:306
Stack trace:
#0 /home/2023DIFAL3/e22109603/public_html/V2/ci/system/Database/MySQLi/Connection.php(306): mysqli->query()
#1 /home/2023DIFAL3/e22109603/public_html/V2/ci/system/Database/BaseConnection.php(693): CodeIgniter\Database\MySQLi\Connection->execute()
#2 /home/2023DIFAL3/e22109603/public_html/V2/ci/system/Database/BaseConnection.php(607): CodeIgniter\Database\BaseConnection->simpleQuery()
#3 /home/2023DIFAL3/e22109603/public_html/V2/ci/app/Models/Db_model.php(88): CodeIgniter\Database\BaseConnection->query()
#4 /home/2023DIFAL3/e22109603/public_html/V2/ci/app/Controllers/Scenario.php(22): App\Models\Db_model->get_scenario_eta()
#5 /home/2023DIFAL3/e22109603/public_html/V2/ci/system/CodeIgniter.php(942): App\Controllers\Scenario->afficherPremiereEtape()
#6 /home/2023DIFAL3/e22109603/public_html/V2/ci/system/CodeIgniter.php(502): CodeIgniter\CodeIgniter->runController()
#7 /home/2023DIFAL3/e22109603/public_html/V2/ci/system/CodeIgniter.php(361): CodeIgniter\CodeIgniter->handleRequest()
#8 /home/2023DIFAL3/e22109603/public_html/V2/ci/public/index.php(79): CodeIgniter\CodeIgniter->run()
#9 {main}
CRITICAL - 2023-12-09 18:20:21 --> You have an error in your SQL syntax; check the manual that corresponds to your MariaDB server version for the right syntax to use near 'eta_num = 1' at line 12
in SYSTEMPATH/Database/BaseConnection.php on line 647.
 1 APPPATH/Models/Db_model.php(88): CodeIgniter\Database\BaseConnection->query()
 2 APPPATH/Controllers/Scenario.php(22): App\Models\Db_model->get_scenario_eta()
 3 SYSTEMPATH/CodeIgniter.php(942): App\Controllers\Scenario->afficherPremiereEtape()
 4 SYSTEMPATH/CodeIgniter.php(502): CodeIgniter\CodeIgniter->runController()
 5 SYSTEMPATH/CodeIgniter.php(361): CodeIgniter\CodeIgniter->handleRequest()
 6 FCPATH/index.php(79): CodeIgniter\CodeIgniter->run()
CRITICAL - 2023-12-09 20:01:16 --> Undefined variable: lecode
in APPPATH/Views/affichage_premiere_etape.php on line 108.
 1 APPPATH/Views/affichage_premiere_etape.php(108): CodeIgniter\Debug\Exceptions->errorHandler()
 2 SYSTEMPATH/View/View.php(228): include('/home/2023DIFAL3/e22109603/public_html/V2/ci/app/Views/affichage_premiere_etape.php')
 3 SYSTEMPATH/View/View.php(231): CodeIgniter\View\View->CodeIgniter\View\{closure}()
 4 SYSTEMPATH/Common.php(1190): CodeIgniter\View\View->render()
 5 APPPATH/Controllers/Scenario.php(71): view()
 6 SYSTEMPATH/CodeIgniter.php(942): App\Controllers\Scenario->afficherPremiereEtape()
 7 SYSTEMPATH/CodeIgniter.php(502): CodeIgniter\CodeIgniter->runController()
 8 SYSTEMPATH/CodeIgniter.php(361): CodeIgniter\CodeIgniter->handleRequest()
 9 FCPATH/index.php(79): CodeIgniter\CodeIgniter->run()
CRITICAL - 2023-12-09 20:01:24 --> Undefined variable: lecode
in APPPATH/Views/affichage_premiere_etape.php on line 108.
 1 APPPATH/Views/affichage_premiere_etape.php(108): CodeIgniter\Debug\Exceptions->errorHandler()
 2 SYSTEMPATH/View/View.php(228): include('/home/2023DIFAL3/e22109603/public_html/V2/ci/app/Views/affichage_premiere_etape.php')
 3 SYSTEMPATH/View/View.php(231): CodeIgniter\View\View->CodeIgniter\View\{closure}()
 4 SYSTEMPATH/Common.php(1190): CodeIgniter\View\View->render()
 5 APPPATH/Controllers/Scenario.php(71): view()
 6 SYSTEMPATH/CodeIgniter.php(942): App\Controllers\Scenario->afficherPremiereEtape()
 7 SYSTEMPATH/CodeIgniter.php(502): CodeIgniter\CodeIgniter->runController()
 8 SYSTEMPATH/CodeIgniter.php(361): CodeIgniter\CodeIgniter->handleRequest()
 9 FCPATH/index.php(79): CodeIgniter\CodeIgniter->run()
CRITICAL - 2023-12-09 20:18:27 --> Undefined property: stdClass::$CodeEtape
in APPPATH/Views/affichage_premiere_etape.php on line 107.
 1 APPPATH/Views/affichage_premiere_etape.php(107): CodeIgniter\Debug\Exceptions->errorHandler()
 2 SYSTEMPATH/View/View.php(228): include('/home/2023DIFAL3/e22109603/public_html/V2/ci/app/Views/affichage_premiere_etape.php')
 3 SYSTEMPATH/View/View.php(231): CodeIgniter\View\View->CodeIgniter\View\{closure}()
 4 SYSTEMPATH/Common.php(1190): CodeIgniter\View\View->render()
 5 APPPATH/Controllers/Scenario.php(71): view()
 6 SYSTEMPATH/CodeIgniter.php(942): App\Controllers\Scenario->afficherPremiereEtape()
 7 SYSTEMPATH/CodeIgniter.php(502): CodeIgniter\CodeIgniter->runController()
 8 SYSTEMPATH/CodeIgniter.php(361): CodeIgniter\CodeIgniter->handleRequest()
 9 FCPATH/index.php(79): CodeIgniter\CodeIgniter->run()
CRITICAL - 2023-12-09 20:19:12 --> Undefined property: stdClass::$CodeEtape
in APPPATH/Views/affichage_premiere_etape.php on line 107.
 1 APPPATH/Views/affichage_premiere_etape.php(107): CodeIgniter\Debug\Exceptions->errorHandler()
 2 SYSTEMPATH/View/View.php(228): include('/home/2023DIFAL3/e22109603/public_html/V2/ci/app/Views/affichage_premiere_etape.php')
 3 SYSTEMPATH/View/View.php(231): CodeIgniter\View\View->CodeIgniter\View\{closure}()
 4 SYSTEMPATH/Common.php(1190): CodeIgniter\View\View->render()
 5 APPPATH/Controllers/Scenario.php(71): view()
 6 SYSTEMPATH/CodeIgniter.php(942): App\Controllers\Scenario->afficherPremiereEtape()
 7 SYSTEMPATH/CodeIgniter.php(502): CodeIgniter\CodeIgniter->runController()
 8 SYSTEMPATH/CodeIgniter.php(361): CodeIgniter\CodeIgniter->handleRequest()
 9 FCPATH/index.php(79): CodeIgniter\CodeIgniter->run()
CRITICAL - 2023-12-09 20:25:59 --> Undefined property: stdClass::$CodeEtape
in APPPATH/Views/affichage_premiere_etape.php on line 108.
 1 APPPATH/Views/affichage_premiere_etape.php(108): CodeIgniter\Debug\Exceptions->errorHandler()
 2 SYSTEMPATH/View/View.php(228): include('/home/2023DIFAL3/e22109603/public_html/V2/ci/app/Views/affichage_premiere_etape.php')
 3 SYSTEMPATH/View/View.php(231): CodeIgniter\View\View->CodeIgniter\View\{closure}()
 4 SYSTEMPATH/Common.php(1190): CodeIgniter\View\View->render()
 5 APPPATH/Controllers/Scenario.php(71): view()
 6 SYSTEMPATH/CodeIgniter.php(942): App\Controllers\Scenario->afficherPremiereEtape()
 7 SYSTEMPATH/CodeIgniter.php(502): CodeIgniter\CodeIgniter->runController()
 8 SYSTEMPATH/CodeIgniter.php(361): CodeIgniter\CodeIgniter->handleRequest()
 9 FCPATH/index.php(79): CodeIgniter\CodeIgniter->run()
CRITICAL - 2023-12-09 20:27:19 --> Undefined property: stdClass::$CodeEtape
in APPPATH/Views/affichage_premiere_etape.php on line 111.
 1 APPPATH/Views/affichage_premiere_etape.php(111): CodeIgniter\Debug\Exceptions->errorHandler()
 2 SYSTEMPATH/View/View.php(228): include('/home/2023DIFAL3/e22109603/public_html/V2/ci/app/Views/affichage_premiere_etape.php')
 3 SYSTEMPATH/View/View.php(231): CodeIgniter\View\View->CodeIgniter\View\{closure}()
 4 SYSTEMPATH/Common.php(1190): CodeIgniter\View\View->render()
 5 APPPATH/Controllers/Scenario.php(71): view()
 6 SYSTEMPATH/CodeIgniter.php(942): App\Controllers\Scenario->afficherPremiereEtape()
 7 SYSTEMPATH/CodeIgniter.php(502): CodeIgniter\CodeIgniter->runController()
 8 SYSTEMPATH/CodeIgniter.php(361): CodeIgniter\CodeIgniter->handleRequest()
 9 FCPATH/index.php(79): CodeIgniter\CodeIgniter->run()
CRITICAL - 2023-12-09 20:28:34 --> Undefined property: stdClass::$CodeEtape
in APPPATH/Views/affichage_premiere_etape.php on line 109.
 1 APPPATH/Views/affichage_premiere_etape.php(109): CodeIgniter\Debug\Exceptions->errorHandler()
 2 SYSTEMPATH/View/View.php(228): include('/home/2023DIFAL3/e22109603/public_html/V2/ci/app/Views/affichage_premiere_etape.php')
 3 SYSTEMPATH/View/View.php(231): CodeIgniter\View\View->CodeIgniter\View\{closure}()
 4 SYSTEMPATH/Common.php(1190): CodeIgniter\View\View->render()
 5 APPPATH/Controllers/Scenario.php(71): view()
 6 SYSTEMPATH/CodeIgniter.php(942): App\Controllers\Scenario->afficherPremiereEtape()
 7 SYSTEMPATH/CodeIgniter.php(502): CodeIgniter\CodeIgniter->runController()
 8 SYSTEMPATH/CodeIgniter.php(361): CodeIgniter\CodeIgniter->handleRequest()
 9 FCPATH/index.php(79): CodeIgniter\CodeIgniter->run()
CRITICAL - 2023-12-09 20:38:58 --> Call to undefined function form_open()
in APPPATH/Views/affichage_premiere_etape.php on line 110.
 1 SYSTEMPATH/View/View.php(228): include()
 2 SYSTEMPATH/View/View.php(231): CodeIgniter\View\View->CodeIgniter\View\{closure}()
 3 SYSTEMPATH/Common.php(1190): CodeIgniter\View\View->render()
 4 APPPATH/Controllers/Scenario.php(71): view()
 5 SYSTEMPATH/CodeIgniter.php(942): App\Controllers\Scenario->afficherPremiereEtape()
 6 SYSTEMPATH/CodeIgniter.php(502): CodeIgniter\CodeIgniter->runController()
 7 SYSTEMPATH/CodeIgniter.php(361): CodeIgniter\CodeIgniter->handleRequest()
 8 FCPATH/index.php(79): CodeIgniter\CodeIgniter->run()
CRITICAL - 2023-12-09 20:39:56 --> Undefined variable: lecode
in APPPATH/Views/affichage_premiere_etape.php on line 116.
 1 APPPATH/Views/affichage_premiere_etape.php(116): CodeIgniter\Debug\Exceptions->errorHandler()
 2 SYSTEMPATH/View/View.php(228): include('/home/2023DIFAL3/e22109603/public_html/V2/ci/app/Views/affichage_premiere_etape.php')
 3 SYSTEMPATH/View/View.php(231): CodeIgniter\View\View->CodeIgniter\View\{closure}()
 4 SYSTEMPATH/Common.php(1190): CodeIgniter\View\View->render()
 5 APPPATH/Controllers/Scenario.php(72): view()
 6 SYSTEMPATH/CodeIgniter.php(942): App\Controllers\Scenario->afficherPremiereEtape()
 7 SYSTEMPATH/CodeIgniter.php(502): CodeIgniter\CodeIgniter->runController()
 8 SYSTEMPATH/CodeIgniter.php(361): CodeIgniter\CodeIgniter->handleRequest()
 9 FCPATH/index.php(79): CodeIgniter\CodeIgniter->run()
CRITICAL - 2023-12-09 20:49:02 --> Undefined property: stdClass::$CodeEtape
in APPPATH/Views/affichage_premiere_etape.php on line 109.
 1 APPPATH/Views/affichage_premiere_etape.php(109): CodeIgniter\Debug\Exceptions->errorHandler()
 2 SYSTEMPATH/View/View.php(228): include('/home/2023DIFAL3/e22109603/public_html/V2/ci/app/Views/affichage_premiere_etape.php')
 3 SYSTEMPATH/View/View.php(231): CodeIgniter\View\View->CodeIgniter\View\{closure}()
 4 SYSTEMPATH/Common.php(1190): CodeIgniter\View\View->render()
 5 APPPATH/Controllers/Scenario.php(51): view()
 6 SYSTEMPATH/CodeIgniter.php(942): App\Controllers\Scenario->afficherPremiereEtape()
 7 SYSTEMPATH/CodeIgniter.php(502): CodeIgniter\CodeIgniter->runController()
 8 SYSTEMPATH/CodeIgniter.php(361): CodeIgniter\CodeIgniter->handleRequest()
 9 FCPATH/index.php(79): CodeIgniter\CodeIgniter->run()
CRITICAL - 2023-12-09 20:49:04 --> Undefined property: stdClass::$CodeEtape
in APPPATH/Views/affichage_premiere_etape.php on line 109.
 1 APPPATH/Views/affichage_premiere_etape.php(109): CodeIgniter\Debug\Exceptions->errorHandler()
 2 SYSTEMPATH/View/View.php(228): include('/home/2023DIFAL3/e22109603/public_html/V2/ci/app/Views/affichage_premiere_etape.php')
 3 SYSTEMPATH/View/View.php(231): CodeIgniter\View\View->CodeIgniter\View\{closure}()
 4 SYSTEMPATH/Common.php(1190): CodeIgniter\View\View->render()
 5 APPPATH/Controllers/Scenario.php(51): view()
 6 SYSTEMPATH/CodeIgniter.php(942): App\Controllers\Scenario->afficherPremiereEtape()
 7 SYSTEMPATH/CodeIgniter.php(502): CodeIgniter\CodeIgniter->runController()
 8 SYSTEMPATH/CodeIgniter.php(361): CodeIgniter\CodeIgniter->handleRequest()
 9 FCPATH/index.php(79): CodeIgniter\CodeIgniter->run()
INFO - 2023-12-09 21:50:56 --> Session: Class initialized using 'CodeIgniter\Session\Handlers\FileHandler' driver.
INFO - 2023-12-09 21:51:29 --> Session: Class initialized using 'CodeIgniter\Session\Handlers\FileHandler' driver.
INFO - 2023-12-09 21:53:51 --> Session: Class initialized using 'CodeIgniter\Session\Handlers\FileHandler' driver.
ERROR - 2023-12-09 22:09:20 --> mysqli_sql_exception: Unknown column 'scn_code' in 'where clause' in /home/2023DIFAL3/e22109603/public_html/V2/ci/system/Database/MySQLi/Connection.php:306
Stack trace:
#0 /home/2023DIFAL3/e22109603/public_html/V2/ci/system/Database/MySQLi/Connection.php(306): mysqli->query()
#1 /home/2023DIFAL3/e22109603/public_html/V2/ci/system/Database/BaseConnection.php(693): CodeIgniter\Database\MySQLi\Connection->execute()
#2 /home/2023DIFAL3/e22109603/public_html/V2/ci/system/Database/BaseConnection.php(607): CodeIgniter\Database\BaseConnection->simpleQuery()
#3 /home/2023DIFAL3/e22109603/public_html/V2/ci/app/Models/Db_model.php(96): CodeIgniter\Database\BaseConnection->query()
#4 /home/2023DIFAL3/e22109603/public_html/V2/ci/app/Controllers/Scenario.php(49): App\Models\Db_model->get_bonne_reponse()
#5 /home/2023DIFAL3/e22109603/public_html/V2/ci/system/CodeIgniter.php(942): App\Controllers\Scenario->afficherPremiereEtape()
#6 /home/2023DIFAL3/e22109603/public_html/V2/ci/system/CodeIgniter.php(502): CodeIgniter\CodeIgniter->runController()
#7 /home/2023DIFAL3/e22109603/public_html/V2/ci/system/CodeIgniter.php(361): CodeIgniter\CodeIgniter->handleRequest()
#8 /home/2023DIFAL3/e22109603/public_html/V2/ci/public/index.php(79): CodeIgniter\CodeIgniter->run()
#9 {main}
CRITICAL - 2023-12-09 22:09:20 --> Unknown column 'scn_code' in 'where clause'
in SYSTEMPATH/Database/BaseConnection.php on line 647.
 1 APPPATH/Models/Db_model.php(96): CodeIgniter\Database\BaseConnection->query()
 2 APPPATH/Controllers/Scenario.php(49): App\Models\Db_model->get_bonne_reponse()
 3 SYSTEMPATH/CodeIgniter.php(942): App\Controllers\Scenario->afficherPremiereEtape()
 4 SYSTEMPATH/CodeIgniter.php(502): CodeIgniter\CodeIgniter->runController()
 5 SYSTEMPATH/CodeIgniter.php(361): CodeIgniter\CodeIgniter->handleRequest()
 6 FCPATH/index.php(79): CodeIgniter\CodeIgniter->run()
ERROR - 2023-12-09 23:04:21 --> mysqli_sql_exception: Unknown column 'scn_code' in 'where clause' in /home/2023DIFAL3/e22109603/public_html/V2/ci/system/Database/MySQLi/Connection.php:306
Stack trace:
#0 /home/2023DIFAL3/e22109603/public_html/V2/ci/system/Database/MySQLi/Connection.php(306): mysqli->query()
#1 /home/2023DIFAL3/e22109603/public_html/V2/ci/system/Database/BaseConnection.php(693): CodeIgniter\Database\MySQLi\Connection->execute()
#2 /home/2023DIFAL3/e22109603/public_html/V2/ci/system/Database/BaseConnection.php(607): CodeIgniter\Database\BaseConnection->simpleQuery()
#3 /home/2023DIFAL3/e22109603/public_html/V2/ci/app/Models/Db_model.php(96): CodeIgniter\Database\BaseConnection->query()
#4 /home/2023DIFAL3/e22109603/public_html/V2/ci/app/Controllers/Scenario.php(49): App\Models\Db_model->get_bonne_reponse()
#5 /home/2023DIFAL3/e22109603/public_html/V2/ci/system/CodeIgniter.php(942): App\Controllers\Scenario->afficherPremiereEtape()
#6 /home/2023DIFAL3/e22109603/public_html/V2/ci/system/CodeIgniter.php(502): CodeIgniter\CodeIgniter->runController()
#7 /home/2023DIFAL3/e22109603/public_html/V2/ci/system/CodeIgniter.php(361): CodeIgniter\CodeIgniter->handleRequest()
#8 /home/2023DIFAL3/e22109603/public_html/V2/ci/public/index.php(79): CodeIgniter\CodeIgniter->run()
#9 {main}
CRITICAL - 2023-12-09 23:04:21 --> Unknown column 'scn_code' in 'where clause'
in SYSTEMPATH/Database/BaseConnection.php on line 647.
 1 APPPATH/Models/Db_model.php(96): CodeIgniter\Database\BaseConnection->query()
 2 APPPATH/Controllers/Scenario.php(49): App\Models\Db_model->get_bonne_reponse()
 3 SYSTEMPATH/CodeIgniter.php(942): App\Controllers\Scenario->afficherPremiereEtape()
 4 SYSTEMPATH/CodeIgniter.php(502): CodeIgniter\CodeIgniter->runController()
 5 SYSTEMPATH/CodeIgniter.php(361): CodeIgniter\CodeIgniter->handleRequest()
 6 FCPATH/index.php(79): CodeIgniter\CodeIgniter->run()
ERROR - 2023-12-09 23:04:35 --> mysqli_sql_exception: Unknown column 'scn_code' in 'where clause' in /home/2023DIFAL3/e22109603/public_html/V2/ci/system/Database/MySQLi/Connection.php:306
Stack trace:
#0 /home/2023DIFAL3/e22109603/public_html/V2/ci/system/Database/MySQLi/Connection.php(306): mysqli->query()
#1 /home/2023DIFAL3/e22109603/public_html/V2/ci/system/Database/BaseConnection.php(693): CodeIgniter\Database\MySQLi\Connection->execute()
#2 /home/2023DIFAL3/e22109603/public_html/V2/ci/system/Database/BaseConnection.php(607): CodeIgniter\Database\BaseConnection->simpleQuery()
#3 /home/2023DIFAL3/e22109603/public_html/V2/ci/app/Models/Db_model.php(96): CodeIgniter\Database\BaseConnection->query()
#4 /home/2023DIFAL3/e22109603/public_html/V2/ci/app/Controllers/Scenario.php(49): App\Models\Db_model->get_bonne_reponse()
#5 /home/2023DIFAL3/e22109603/public_html/V2/ci/system/CodeIgniter.php(942): App\Controllers\Scenario->afficherPremiereEtape()
#6 /home/2023DIFAL3/e22109603/public_html/V2/ci/system/CodeIgniter.php(502): CodeIgniter\CodeIgniter->runController()
#7 /home/2023DIFAL3/e22109603/public_html/V2/ci/system/CodeIgniter.php(361): CodeIgniter\CodeIgniter->handleRequest()
#8 /home/2023DIFAL3/e22109603/public_html/V2/ci/public/index.php(79): CodeIgniter\CodeIgniter->run()
#9 {main}
CRITICAL - 2023-12-09 23:04:35 --> Unknown column 'scn_code' in 'where clause'
in SYSTEMPATH/Database/BaseConnection.php on line 647.
 1 APPPATH/Models/Db_model.php(96): CodeIgniter\Database\BaseConnection->query()
 2 APPPATH/Controllers/Scenario.php(49): App\Models\Db_model->get_bonne_reponse()
 3 SYSTEMPATH/CodeIgniter.php(942): App\Controllers\Scenario->afficherPremiereEtape()
 4 SYSTEMPATH/CodeIgniter.php(502): CodeIgniter\CodeIgniter->runController()
 5 SYSTEMPATH/CodeIgniter.php(361): CodeIgniter\CodeIgniter->handleRequest()
 6 FCPATH/index.php(79): CodeIgniter\CodeIgniter->run()
ERROR - 2023-12-09 23:18:57 --> mysqli_sql_exception: Unknown column 'etape_suivante' in 'field list' in /home/2023DIFAL3/e22109603/public_html/V2/ci/system/Database/MySQLi/Connection.php:306
Stack trace:
#0 /home/2023DIFAL3/e22109603/public_html/V2/ci/system/Database/MySQLi/Connection.php(306): mysqli->query()
#1 /home/2023DIFAL3/e22109603/public_html/V2/ci/system/Database/BaseConnection.php(693): CodeIgniter\Database\MySQLi\Connection->execute()
#2 /home/2023DIFAL3/e22109603/public_html/V2/ci/system/Database/BaseConnection.php(607): CodeIgniter\Database\BaseConnection->simpleQuery()
#3 /home/2023DIFAL3/e22109603/public_html/V2/ci/app/Models/Db_model.php(116): CodeIgniter\Database\BaseConnection->query()
#4 /home/2023DIFAL3/e22109603/public_html/V2/ci/app/Controllers/Scenario.php(53): App\Models\Db_model->get_prochaine_etape()
#5 /home/2023DIFAL3/e22109603/public_html/V2/ci/system/CodeIgniter.php(942): App\Controllers\Scenario->afficherPremiereEtape()
#6 /home/2023DIFAL3/e22109603/public_html/V2/ci/system/CodeIgniter.php(502): CodeIgniter\CodeIgniter->runController()
#7 /home/2023DIFAL3/e22109603/public_html/V2/ci/system/CodeIgniter.php(361): CodeIgniter\CodeIgniter->handleRequest()
#8 /home/2023DIFAL3/e22109603/public_html/V2/ci/public/index.php(79): CodeIgniter\CodeIgniter->run()
#9 {main}
CRITICAL - 2023-12-09 23:18:57 --> Unknown column 'etape_suivante' in 'field list'
in SYSTEMPATH/Database/BaseConnection.php on line 647.
 1 APPPATH/Models/Db_model.php(116): CodeIgniter\Database\BaseConnection->query()
 2 APPPATH/Controllers/Scenario.php(53): App\Models\Db_model->get_prochaine_etape()
 3 SYSTEMPATH/CodeIgniter.php(942): App\Controllers\Scenario->afficherPremiereEtape()
 4 SYSTEMPATH/CodeIgniter.php(502): CodeIgniter\CodeIgniter->runController()
 5 SYSTEMPATH/CodeIgniter.php(361): CodeIgniter\CodeIgniter->handleRequest()
 6 FCPATH/index.php(79): CodeIgniter\CodeIgniter->run()
ERROR - 2023-12-09 23:28:14 --> mysqli_sql_exception: Unknown column 'scn_code' in 'where clause' in /home/2023DIFAL3/e22109603/public_html/V2/ci/system/Database/MySQLi/Connection.php:306
Stack trace:
#0 /home/2023DIFAL3/e22109603/public_html/V2/ci/system/Database/MySQLi/Connection.php(306): mysqli->query()
#1 /home/2023DIFAL3/e22109603/public_html/V2/ci/system/Database/BaseConnection.php(693): CodeIgniter\Database\MySQLi\Connection->execute()
#2 /home/2023DIFAL3/e22109603/public_html/V2/ci/system/Database/BaseConnection.php(607): CodeIgniter\Database\BaseConnection->simpleQuery()
#3 /home/2023DIFAL3/e22109603/public_html/V2/ci/app/Models/Db_model.php(116): CodeIgniter\Database\BaseConnection->query()
#4 /home/2023DIFAL3/e22109603/public_html/V2/ci/app/Controllers/Scenario.php(53): App\Models\Db_model->get_prochaine_etape()
#5 /home/2023DIFAL3/e22109603/public_html/V2/ci/system/CodeIgniter.php(942): App\Controllers\Scenario->afficherPremiereEtape()
#6 /home/2023DIFAL3/e22109603/public_html/V2/ci/system/CodeIgniter.php(502): CodeIgniter\CodeIgniter->runController()
#7 /home/2023DIFAL3/e22109603/public_html/V2/ci/system/CodeIgniter.php(361): CodeIgniter\CodeIgniter->handleRequest()
#8 /home/2023DIFAL3/e22109603/public_html/V2/ci/public/index.php(79): CodeIgniter\CodeIgniter->run()
#9 {main}
CRITICAL - 2023-12-09 23:28:14 --> Unknown column 'scn_code' in 'where clause'
in SYSTEMPATH/Database/BaseConnection.php on line 647.
 1 APPPATH/Models/Db_model.php(116): CodeIgniter\Database\BaseConnection->query()
 2 APPPATH/Controllers/Scenario.php(53): App\Models\Db_model->get_prochaine_etape()
 3 SYSTEMPATH/CodeIgniter.php(942): App\Controllers\Scenario->afficherPremiereEtape()
 4 SYSTEMPATH/CodeIgniter.php(502): CodeIgniter\CodeIgniter->runController()
 5 SYSTEMPATH/CodeIgniter.php(361): CodeIgniter\CodeIgniter->handleRequest()
 6 FCPATH/index.php(79): CodeIgniter\CodeIgniter->run()
