CRITICAL - 2023-11-13 10:54:25 --> include(menu_visiteur.php): failed to open stream: No such file or directory
in APPPATH/Views/templates/haut.php on line 32.
 1 APPPATH/Views/templates/haut.php(32): CodeIgniter\Debug\Exceptions->errorHandler()
 2 APPPATH/Views/templates/haut.php(32): include()
 3 SYSTEMPATH/View/View.php(228): include('/home/2023DIFAL3/e22109603/public_html/V1/ci/app/Views/templates/haut.php')
 4 SYSTEMPATH/View/View.php(231): CodeIgniter\View\View->CodeIgniter\View\{closure}()
 5 SYSTEMPATH/Common.php(1190): CodeIgniter\View\View->render()
 6 APPPATH/Controllers/Accueil.php(9): view()
 7 SYSTEMPATH/CodeIgniter.php(942): App\Controllers\Accueil->afficher()
 8 SYSTEMPATH/CodeIgniter.php(502): CodeIgniter\CodeIgniter->runController()
 9 SYSTEMPATH/CodeIgniter.php(361): CodeIgniter\CodeIgniter->handleRequest()
10 FCPATH/index.php(79): CodeIgniter\CodeIgniter->run()
CRITICAL - 2023-11-13 10:54:25 --> Uncaught ErrorException: chmod() has been disabled for security reasons in /home/2023DIFAL3/e22109603/public_html/V1/ci/system/Log/Handlers/FileHandler.php:119
Stack trace:
#0 [internal function]: CodeIgniter\Debug\Exceptions->errorHandler()
#1 /home/2023DIFAL3/e22109603/public_html/V1/ci/system/Log/Handlers/FileHandler.php(119): chmod()
#2 /home/2023DIFAL3/e22109603/public_html/V1/ci/system/Log/Logger.php(294): CodeIgniter\Log\Handlers\FileHandler->handle()
#3 /home/2023DIFAL3/e22109603/public_html/V1/ci/system/Common.php(810): CodeIgniter\Log\Logger->log()
#4 /home/2023DIFAL3/e22109603/public_html/V1/ci/system/Debug/Exceptions.php(133): log_message()
#5 [internal function]: CodeIgniter\Debug\Exceptions->exceptionHandler()
#6 {main}
  thrown
ã€Previous Exceptionã€‘
ErrorException
include(menu_visiteur.php): failed to open stream: No such file or directory
#0 /home/2023DIFAL3/e22109603/public_html/V1/ci/app/Views/templates/haut.php(32): CodeIgniter\Debug\Exceptions->errorHandler()
#1 /home/2023DIFAL3/e22109603/public_html/V1/ci/app/Views/templates/haut.php(32): include()
#2 /home/2023DIFAL3/e22109603/public_html/V1/ci/system/View/View.php(228): include('/home/2023DIFAL...')
#3 /home/2023DIFAL3/e22109603/public_html/V1/ci/system/View/View.php(231): CodeIgniter\View\View->CodeIgniter\View\{closure}()
#4 /home/2023DIFAL3/e22109603/public_html/V1/ci/system/Common.php(1190): CodeIgniter\View\View->render()
#5 /home/2023DIFAL3/e22109603/public_html/V1/ci/app/Controllers/Accueil.php(9): view()
#6 /home/2023DIFAL3/e22109603/public_html/V1/ci/system/CodeIgniter.php(942): App\Controllers\Accueil->afficher()
#7 /home/2023DIFAL3/e22109603/public_html/V1/ci/system/CodeIgniter.php(502): CodeIgniter\CodeIgniter->runController()
#8 /home/2023DIFAL3/e22109603/public_html/V1/ci/system/CodeIgniter.php(361): CodeIgniter\CodeIgniter->handleRequest()
#9 /home/2023DIFAL3/e22109603/public_html/V1/ci/public/index.php(79): CodeIgniter\CodeIgniter->run()
#10 {main}
in SYSTEMPATH/Log/Handlers/FileHandler.php on line 119.
 1 [internal function]: CodeIgniter\Debug\Exceptions->shutdownHandler()
CRITICAL - 2023-11-13 13:00:35 --> include(menu_visiteur.php): failed to open stream: No such file or directory
in APPPATH/Views/templates/haut.php on line 32.
 1 APPPATH/Views/templates/haut.php(32): CodeIgniter\Debug\Exceptions->errorHandler()
 2 APPPATH/Views/templates/haut.php(32): include()
 3 SYSTEMPATH/View/View.php(228): include('/home/2023DIFAL3/e22109603/public_html/V1/ci/app/Views/templates/haut.php')
 4 SYSTEMPATH/View/View.php(231): CodeIgniter\View\View->CodeIgniter\View\{closure}()
 5 SYSTEMPATH/Common.php(1190): CodeIgniter\View\View->render()
 6 APPPATH/Controllers/Accueil.php(9): view()
 7 SYSTEMPATH/CodeIgniter.php(942): App\Controllers\Accueil->afficher()
 8 SYSTEMPATH/CodeIgniter.php(502): CodeIgniter\CodeIgniter->runController()
 9 SYSTEMPATH/CodeIgniter.php(361): CodeIgniter\CodeIgniter->handleRequest()
10 FCPATH/index.php(79): CodeIgniter\CodeIgniter->run()
CRITICAL - 2023-11-13 13:45:54 --> syntax error, unexpected 'view' (T_STRING)
in APPPATH/Controllers/Accueil.php on line 9.
 1 SYSTEMPATH/Autoloader/Autoloader.php(291): CodeIgniter\Autoloader\Autoloader->includeFile()
 2 SYSTEMPATH/Autoloader/Autoloader.php(269): CodeIgniter\Autoloader\Autoloader->loadInNamespace()
 3 [internal function]: CodeIgniter\Autoloader\Autoloader->loadClass()
 4 [internal function]: spl_autoload_call()
 5 SYSTEMPATH/CodeIgniter.php(900): class_exists()
 6 SYSTEMPATH/CodeIgniter.php(489): CodeIgniter\CodeIgniter->startController()
 7 SYSTEMPATH/CodeIgniter.php(361): CodeIgniter\CodeIgniter->handleRequest()
 8 FCPATH/index.php(79): CodeIgniter\CodeIgniter->run()
CRITICAL - 2023-11-13 13:48:45 --> syntax error, unexpected 'view' (T_STRING)
in APPPATH/Controllers/Accueil.php on line 9.
 1 SYSTEMPATH/Autoloader/Autoloader.php(291): CodeIgniter\Autoloader\Autoloader->includeFile()
 2 SYSTEMPATH/Autoloader/Autoloader.php(269): CodeIgniter\Autoloader\Autoloader->loadInNamespace()
 3 [internal function]: CodeIgniter\Autoloader\Autoloader->loadClass()
 4 [internal function]: spl_autoload_call()
 5 SYSTEMPATH/CodeIgniter.php(900): class_exists()
 6 SYSTEMPATH/CodeIgniter.php(489): CodeIgniter\CodeIgniter->startController()
 7 SYSTEMPATH/CodeIgniter.php(361): CodeIgniter\CodeIgniter->handleRequest()
 8 FCPATH/index.php(79): CodeIgniter\CodeIgniter->run()
CRITICAL - 2023-11-13 13:48:49 --> syntax error, unexpected 'view' (T_STRING)
in APPPATH/Controllers/Accueil.php on line 9.
 1 SYSTEMPATH/Autoloader/Autoloader.php(291): CodeIgniter\Autoloader\Autoloader->includeFile()
 2 SYSTEMPATH/Autoloader/Autoloader.php(269): CodeIgniter\Autoloader\Autoloader->loadInNamespace()
 3 [internal function]: CodeIgniter\Autoloader\Autoloader->loadClass()
 4 [internal function]: spl_autoload_call()
 5 SYSTEMPATH/CodeIgniter.php(900): class_exists()
 6 SYSTEMPATH/CodeIgniter.php(489): CodeIgniter\CodeIgniter->startController()
 7 SYSTEMPATH/CodeIgniter.php(361): CodeIgniter\CodeIgniter->handleRequest()
 8 FCPATH/index.php(79): CodeIgniter\CodeIgniter->run()
CRITICAL - 2023-11-13 13:48:50 --> syntax error, unexpected 'view' (T_STRING)
in APPPATH/Controllers/Accueil.php on line 9.
 1 SYSTEMPATH/Autoloader/Autoloader.php(291): CodeIgniter\Autoloader\Autoloader->includeFile()
 2 SYSTEMPATH/Autoloader/Autoloader.php(269): CodeIgniter\Autoloader\Autoloader->loadInNamespace()
 3 [internal function]: CodeIgniter\Autoloader\Autoloader->loadClass()
 4 [internal function]: spl_autoload_call()
 5 SYSTEMPATH/CodeIgniter.php(900): class_exists()
 6 SYSTEMPATH/CodeIgniter.php(489): CodeIgniter\CodeIgniter->startController()
 7 SYSTEMPATH/CodeIgniter.php(361): CodeIgniter\CodeIgniter->handleRequest()
 8 FCPATH/index.php(79): CodeIgniter\CodeIgniter->run()
CRITICAL - 2023-11-13 13:48:50 --> syntax error, unexpected 'view' (T_STRING)
in APPPATH/Controllers/Accueil.php on line 9.
 1 SYSTEMPATH/Autoloader/Autoloader.php(291): CodeIgniter\Autoloader\Autoloader->includeFile()
 2 SYSTEMPATH/Autoloader/Autoloader.php(269): CodeIgniter\Autoloader\Autoloader->loadInNamespace()
 3 [internal function]: CodeIgniter\Autoloader\Autoloader->loadClass()
 4 [internal function]: spl_autoload_call()
 5 SYSTEMPATH/CodeIgniter.php(900): class_exists()
 6 SYSTEMPATH/CodeIgniter.php(489): CodeIgniter\CodeIgniter->startController()
 7 SYSTEMPATH/CodeIgniter.php(361): CodeIgniter\CodeIgniter->handleRequest()
 8 FCPATH/index.php(79): CodeIgniter\CodeIgniter->run()
CRITICAL - 2023-11-13 13:48:51 --> syntax error, unexpected 'view' (T_STRING)
in APPPATH/Controllers/Accueil.php on line 9.
 1 SYSTEMPATH/Autoloader/Autoloader.php(291): CodeIgniter\Autoloader\Autoloader->includeFile()
 2 SYSTEMPATH/Autoloader/Autoloader.php(269): CodeIgniter\Autoloader\Autoloader->loadInNamespace()
 3 [internal function]: CodeIgniter\Autoloader\Autoloader->loadClass()
 4 [internal function]: spl_autoload_call()
 5 SYSTEMPATH/CodeIgniter.php(900): class_exists()
 6 SYSTEMPATH/CodeIgniter.php(489): CodeIgniter\CodeIgniter->startController()
 7 SYSTEMPATH/CodeIgniter.php(361): CodeIgniter\CodeIgniter->handleRequest()
 8 FCPATH/index.php(79): CodeIgniter\CodeIgniter->run()
CRITICAL - 2023-11-13 13:48:51 --> syntax error, unexpected 'view' (T_STRING)
in APPPATH/Controllers/Accueil.php on line 9.
 1 SYSTEMPATH/Autoloader/Autoloader.php(291): CodeIgniter\Autoloader\Autoloader->includeFile()
 2 SYSTEMPATH/Autoloader/Autoloader.php(269): CodeIgniter\Autoloader\Autoloader->loadInNamespace()
 3 [internal function]: CodeIgniter\Autoloader\Autoloader->loadClass()
 4 [internal function]: spl_autoload_call()
 5 SYSTEMPATH/CodeIgniter.php(900): class_exists()
 6 SYSTEMPATH/CodeIgniter.php(489): CodeIgniter\CodeIgniter->startController()
 7 SYSTEMPATH/CodeIgniter.php(361): CodeIgniter\CodeIgniter->handleRequest()
 8 FCPATH/index.php(79): CodeIgniter\CodeIgniter->run()
CRITICAL - 2023-11-13 13:48:51 --> syntax error, unexpected 'view' (T_STRING)
in APPPATH/Controllers/Accueil.php on line 9.
 1 SYSTEMPATH/Autoloader/Autoloader.php(291): CodeIgniter\Autoloader\Autoloader->includeFile()
 2 SYSTEMPATH/Autoloader/Autoloader.php(269): CodeIgniter\Autoloader\Autoloader->loadInNamespace()
 3 [internal function]: CodeIgniter\Autoloader\Autoloader->loadClass()
 4 [internal function]: spl_autoload_call()
 5 SYSTEMPATH/CodeIgniter.php(900): class_exists()
 6 SYSTEMPATH/CodeIgniter.php(489): CodeIgniter\CodeIgniter->startController()
 7 SYSTEMPATH/CodeIgniter.php(361): CodeIgniter\CodeIgniter->handleRequest()
 8 FCPATH/index.php(79): CodeIgniter\CodeIgniter->run()
CRITICAL - 2023-11-13 13:48:57 --> syntax error, unexpected 'view' (T_STRING)
in APPPATH/Controllers/Accueil.php on line 9.
 1 SYSTEMPATH/Autoloader/Autoloader.php(291): CodeIgniter\Autoloader\Autoloader->includeFile()
 2 SYSTEMPATH/Autoloader/Autoloader.php(269): CodeIgniter\Autoloader\Autoloader->loadInNamespace()
 3 [internal function]: CodeIgniter\Autoloader\Autoloader->loadClass()
 4 [internal function]: spl_autoload_call()
 5 SYSTEMPATH/CodeIgniter.php(900): class_exists()
 6 SYSTEMPATH/CodeIgniter.php(489): CodeIgniter\CodeIgniter->startController()
 7 SYSTEMPATH/CodeIgniter.php(361): CodeIgniter\CodeIgniter->handleRequest()
 8 FCPATH/index.php(79): CodeIgniter\CodeIgniter->run()
CRITICAL - 2023-11-13 13:49:05 --> syntax error, unexpected 'view' (T_STRING)
in APPPATH/Controllers/Accueil.php on line 9.
 1 SYSTEMPATH/Autoloader/Autoloader.php(291): CodeIgniter\Autoloader\Autoloader->includeFile()
 2 SYSTEMPATH/Autoloader/Autoloader.php(269): CodeIgniter\Autoloader\Autoloader->loadInNamespace()
 3 [internal function]: CodeIgniter\Autoloader\Autoloader->loadClass()
 4 [internal function]: spl_autoload_call()
 5 SYSTEMPATH/CodeIgniter.php(900): class_exists()
 6 SYSTEMPATH/CodeIgniter.php(489): CodeIgniter\CodeIgniter->startController()
 7 SYSTEMPATH/CodeIgniter.php(361): CodeIgniter\CodeIgniter->handleRequest()
 8 FCPATH/index.php(79): CodeIgniter\CodeIgniter->run()
CRITICAL - 2023-11-13 13:51:12 --> syntax error, unexpected 'view' (T_STRING)
in APPPATH/Controllers/Accueil.php on line 9.
 1 SYSTEMPATH/Autoloader/Autoloader.php(291): CodeIgniter\Autoloader\Autoloader->includeFile()
 2 SYSTEMPATH/Autoloader/Autoloader.php(269): CodeIgniter\Autoloader\Autoloader->loadInNamespace()
 3 [internal function]: CodeIgniter\Autoloader\Autoloader->loadClass()
 4 [internal function]: spl_autoload_call()
 5 SYSTEMPATH/CodeIgniter.php(900): class_exists()
 6 SYSTEMPATH/CodeIgniter.php(489): CodeIgniter\CodeIgniter->startController()
 7 SYSTEMPATH/CodeIgniter.php(361): CodeIgniter\CodeIgniter->handleRequest()
 8 FCPATH/index.php(79): CodeIgniter\CodeIgniter->run()
CRITICAL - 2023-11-13 13:51:13 --> syntax error, unexpected 'view' (T_STRING)
in APPPATH/Controllers/Accueil.php on line 9.
 1 SYSTEMPATH/Autoloader/Autoloader.php(291): CodeIgniter\Autoloader\Autoloader->includeFile()
 2 SYSTEMPATH/Autoloader/Autoloader.php(269): CodeIgniter\Autoloader\Autoloader->loadInNamespace()
 3 [internal function]: CodeIgniter\Autoloader\Autoloader->loadClass()
 4 [internal function]: spl_autoload_call()
 5 SYSTEMPATH/CodeIgniter.php(900): class_exists()
 6 SYSTEMPATH/CodeIgniter.php(489): CodeIgniter\CodeIgniter->startController()
 7 SYSTEMPATH/CodeIgniter.php(361): CodeIgniter\CodeIgniter->handleRequest()
 8 FCPATH/index.php(79): CodeIgniter\CodeIgniter->run()
CRITICAL - 2023-11-13 13:55:05 --> Undefined variable: data
in APPPATH/Controllers/Accueil.php on line 10.
 1 APPPATH/Controllers/Accueil.php(10): CodeIgniter\Debug\Exceptions->errorHandler()
 2 SYSTEMPATH/CodeIgniter.php(942): App\Controllers\Accueil->afficher()
 3 SYSTEMPATH/CodeIgniter.php(502): CodeIgniter\CodeIgniter->runController()
 4 SYSTEMPATH/CodeIgniter.php(361): CodeIgniter\CodeIgniter->handleRequest()
 5 FCPATH/index.php(79): CodeIgniter\CodeIgniter->run()
CRITICAL - 2023-11-13 13:55:20 --> Undefined variable: titre
in APPPATH/Views/affichage_comptes.php on line 1.
 1 APPPATH/Views/affichage_comptes.php(1): CodeIgniter\Debug\Exceptions->errorHandler()
 2 SYSTEMPATH/View/View.php(228): include('/home/2023DIFAL3/e22109603/public_html/V1/ci/app/Views/affichage_comptes.php')
 3 SYSTEMPATH/View/View.php(231): CodeIgniter\View\View->CodeIgniter\View\{closure}()
 4 SYSTEMPATH/Common.php(1190): CodeIgniter\View\View->render()
 5 APPPATH/Controllers/Accueil.php(11): view()
 6 SYSTEMPATH/CodeIgniter.php(942): App\Controllers\Accueil->afficher()
 7 SYSTEMPATH/CodeIgniter.php(502): CodeIgniter\CodeIgniter->runController()
 8 SYSTEMPATH/CodeIgniter.php(361): CodeIgniter\CodeIgniter->handleRequest()
 9 FCPATH/index.php(79): CodeIgniter\CodeIgniter->run()
CRITICAL - 2023-11-13 13:56:44 --> Undefined variable: count
in APPPATH/Views/affichage_comptes.php on line 2.
 1 APPPATH/Views/affichage_comptes.php(2): CodeIgniter\Debug\Exceptions->errorHandler()
 2 SYSTEMPATH/View/View.php(228): include('/home/2023DIFAL3/e22109603/public_html/V1/ci/app/Views/affichage_comptes.php')
 3 SYSTEMPATH/View/View.php(231): CodeIgniter\View\View->CodeIgniter\View\{closure}()
 4 SYSTEMPATH/Common.php(1190): CodeIgniter\View\View->render()
 5 APPPATH/Controllers/Actualite.php(36): view()
 6 SYSTEMPATH/CodeIgniter.php(942): App\Controllers\Actualite->member()
 7 SYSTEMPATH/CodeIgniter.php(502): CodeIgniter\CodeIgniter->runController()
 8 SYSTEMPATH/CodeIgniter.php(361): CodeIgniter\CodeIgniter->handleRequest()
 9 FCPATH/index.php(79): CodeIgniter\CodeIgniter->run()
CRITICAL - 2023-11-13 13:58:27 --> Undefined variable: count
in APPPATH/Views/affichage_comptes.php on line 2.
 1 APPPATH/Views/affichage_comptes.php(2): CodeIgniter\Debug\Exceptions->errorHandler()
 2 SYSTEMPATH/View/View.php(228): include('/home/2023DIFAL3/e22109603/public_html/V1/ci/app/Views/affichage_comptes.php')
 3 SYSTEMPATH/View/View.php(231): CodeIgniter\View\View->CodeIgniter\View\{closure}()
 4 SYSTEMPATH/Common.php(1190): CodeIgniter\View\View->render()
 5 APPPATH/Controllers/Actualite.php(23): view()
 6 SYSTEMPATH/CodeIgniter.php(942): App\Controllers\Actualite->afficher()
 7 SYSTEMPATH/CodeIgniter.php(502): CodeIgniter\CodeIgniter->runController()
 8 SYSTEMPATH/CodeIgniter.php(361): CodeIgniter\CodeIgniter->handleRequest()
 9 FCPATH/index.php(79): CodeIgniter\CodeIgniter->run()
CRITICAL - 2023-11-13 14:25:48 --> Undefined variable: data
in APPPATH/Controllers/Accueil.php on line 9.
 1 APPPATH/Controllers/Accueil.php(9): CodeIgniter\Debug\Exceptions->errorHandler()
 2 SYSTEMPATH/CodeIgniter.php(942): App\Controllers\Accueil->afficher()
 3 SYSTEMPATH/CodeIgniter.php(502): CodeIgniter\CodeIgniter->runController()
 4 SYSTEMPATH/CodeIgniter.php(361): CodeIgniter\CodeIgniter->handleRequest()
 5 FCPATH/index.php(79): CodeIgniter\CodeIgniter->run()
CRITICAL - 2023-11-13 14:25:54 --> Undefined variable: data
in APPPATH/Controllers/Accueil.php on line 9.
 1 APPPATH/Controllers/Accueil.php(9): CodeIgniter\Debug\Exceptions->errorHandler()
 2 SYSTEMPATH/CodeIgniter.php(942): App\Controllers\Accueil->afficher()
 3 SYSTEMPATH/CodeIgniter.php(502): CodeIgniter\CodeIgniter->runController()
 4 SYSTEMPATH/CodeIgniter.php(361): CodeIgniter\CodeIgniter->handleRequest()
 5 FCPATH/index.php(79): CodeIgniter\CodeIgniter->run()
CRITICAL - 2023-11-13 14:27:44 --> Undefined variable: data
in APPPATH/Controllers/Accueil.php on line 9.
 1 APPPATH/Controllers/Accueil.php(9): CodeIgniter\Debug\Exceptions->errorHandler()
 2 SYSTEMPATH/CodeIgniter.php(942): App\Controllers\Accueil->afficher()
 3 SYSTEMPATH/CodeIgniter.php(502): CodeIgniter\CodeIgniter->runController()
 4 SYSTEMPATH/CodeIgniter.php(361): CodeIgniter\CodeIgniter->handleRequest()
 5 FCPATH/index.php(79): CodeIgniter\CodeIgniter->run()
CRITICAL - 2023-11-13 14:28:51 --> Undefined variable: titre
in APPPATH/Views/affichage_actualite.php on line 1.
 1 APPPATH/Views/affichage_actualite.php(1): CodeIgniter\Debug\Exceptions->errorHandler()
 2 SYSTEMPATH/View/View.php(228): include('/home/2023DIFAL3/e22109603/public_html/V1/ci/app/Views/affichage_actualite.php')
 3 SYSTEMPATH/View/View.php(231): CodeIgniter\View\View->CodeIgniter\View\{closure}()
 4 SYSTEMPATH/Common.php(1190): CodeIgniter\View\View->render()
 5 APPPATH/Controllers/Accueil.php(11): view()
 6 SYSTEMPATH/CodeIgniter.php(942): App\Controllers\Accueil->afficher()
 7 SYSTEMPATH/CodeIgniter.php(502): CodeIgniter\CodeIgniter->runController()
 8 SYSTEMPATH/CodeIgniter.php(361): CodeIgniter\CodeIgniter->handleRequest()
 9 FCPATH/index.php(79): CodeIgniter\CodeIgniter->run()
CRITICAL - 2023-11-13 14:28:52 --> Undefined variable: titre
in APPPATH/Views/affichage_actualite.php on line 1.
 1 APPPATH/Views/affichage_actualite.php(1): CodeIgniter\Debug\Exceptions->errorHandler()
 2 SYSTEMPATH/View/View.php(228): include('/home/2023DIFAL3/e22109603/public_html/V1/ci/app/Views/affichage_actualite.php')
 3 SYSTEMPATH/View/View.php(231): CodeIgniter\View\View->CodeIgniter\View\{closure}()
 4 SYSTEMPATH/Common.php(1190): CodeIgniter\View\View->render()
 5 APPPATH/Controllers/Accueil.php(11): view()
 6 SYSTEMPATH/CodeIgniter.php(942): App\Controllers\Accueil->afficher()
 7 SYSTEMPATH/CodeIgniter.php(502): CodeIgniter\CodeIgniter->runController()
 8 SYSTEMPATH/CodeIgniter.php(361): CodeIgniter\CodeIgniter->handleRequest()
 9 FCPATH/index.php(79): CodeIgniter\CodeIgniter->run()
CRITICAL - 2023-11-13 14:30:17 --> Undefined variable: titre
in APPPATH/Views/affichage_actualite.php on line 1.
 1 APPPATH/Views/affichage_actualite.php(1): CodeIgniter\Debug\Exceptions->errorHandler()
 2 SYSTEMPATH/View/View.php(228): include('/home/2023DIFAL3/e22109603/public_html/V1/ci/app/Views/affichage_actualite.php')
 3 SYSTEMPATH/View/View.php(231): CodeIgniter\View\View->CodeIgniter\View\{closure}()
 4 SYSTEMPATH/Common.php(1190): CodeIgniter\View\View->render()
 5 APPPATH/Controllers/Accueil.php(11): view()
 6 SYSTEMPATH/CodeIgniter.php(942): App\Controllers\Accueil->afficher()
 7 SYSTEMPATH/CodeIgniter.php(502): CodeIgniter\CodeIgniter->runController()
 8 SYSTEMPATH/CodeIgniter.php(361): CodeIgniter\CodeIgniter->handleRequest()
 9 FCPATH/index.php(79): CodeIgniter\CodeIgniter->run()
CRITICAL - 2023-11-13 14:32:11 --> Undefined variable: titre
in APPPATH/Views/affichage_actualite.php on line 1.
 1 APPPATH/Views/affichage_actualite.php(1): CodeIgniter\Debug\Exceptions->errorHandler()
 2 SYSTEMPATH/View/View.php(228): include('/home/2023DIFAL3/e22109603/public_html/V1/ci/app/Views/affichage_actualite.php')
 3 SYSTEMPATH/View/View.php(231): CodeIgniter\View\View->CodeIgniter\View\{closure}()
 4 SYSTEMPATH/Common.php(1190): CodeIgniter\View\View->render()
 5 APPPATH/Controllers/Accueil.php(11): view()
 6 SYSTEMPATH/CodeIgniter.php(942): App\Controllers\Accueil->afficher()
 7 SYSTEMPATH/CodeIgniter.php(502): CodeIgniter\CodeIgniter->runController()
 8 SYSTEMPATH/CodeIgniter.php(361): CodeIgniter\CodeIgniter->handleRequest()
 9 FCPATH/index.php(79): CodeIgniter\CodeIgniter->run()
CRITICAL - 2023-11-13 14:32:43 --> syntax error, unexpected 'templates' (T_STRING), expecting ')'
in APPPATH/Controllers/Accueil.php on line 12.
 1 SYSTEMPATH/Autoloader/Autoloader.php(291): CodeIgniter\Autoloader\Autoloader->includeFile()
 2 SYSTEMPATH/Autoloader/Autoloader.php(269): CodeIgniter\Autoloader\Autoloader->loadInNamespace()
 3 [internal function]: CodeIgniter\Autoloader\Autoloader->loadClass()
 4 [internal function]: spl_autoload_call()
 5 SYSTEMPATH/CodeIgniter.php(900): class_exists()
 6 SYSTEMPATH/CodeIgniter.php(489): CodeIgniter\CodeIgniter->startController()
 7 SYSTEMPATH/CodeIgniter.php(361): CodeIgniter\CodeIgniter->handleRequest()
 8 FCPATH/index.php(79): CodeIgniter\CodeIgniter->run()
CRITICAL - 2023-11-13 14:32:44 --> syntax error, unexpected 'templates' (T_STRING), expecting ')'
in APPPATH/Controllers/Accueil.php on line 12.
 1 SYSTEMPATH/Autoloader/Autoloader.php(291): CodeIgniter\Autoloader\Autoloader->includeFile()
 2 SYSTEMPATH/Autoloader/Autoloader.php(269): CodeIgniter\Autoloader\Autoloader->loadInNamespace()
 3 [internal function]: CodeIgniter\Autoloader\Autoloader->loadClass()
 4 [internal function]: spl_autoload_call()
 5 SYSTEMPATH/CodeIgniter.php(900): class_exists()
 6 SYSTEMPATH/CodeIgniter.php(489): CodeIgniter\CodeIgniter->startController()
 7 SYSTEMPATH/CodeIgniter.php(361): CodeIgniter\CodeIgniter->handleRequest()
 8 FCPATH/index.php(79): CodeIgniter\CodeIgniter->run()
CRITICAL - 2023-11-13 14:33:00 --> Undefined variable: titre
in APPPATH/Views/affichage_accueil.php on line 1.
 1 APPPATH/Views/affichage_accueil.php(1): CodeIgniter\Debug\Exceptions->errorHandler()
 2 SYSTEMPATH/View/View.php(228): include('/home/2023DIFAL3/e22109603/public_html/V1/ci/app/Views/affichage_accueil.php')
 3 SYSTEMPATH/View/View.php(231): CodeIgniter\View\View->CodeIgniter\View\{closure}()
 4 SYSTEMPATH/Common.php(1190): CodeIgniter\View\View->render()
 5 APPPATH/Controllers/Accueil.php(11): view()
 6 SYSTEMPATH/CodeIgniter.php(942): App\Controllers\Accueil->afficher()
 7 SYSTEMPATH/CodeIgniter.php(502): CodeIgniter\CodeIgniter->runController()
 8 SYSTEMPATH/CodeIgniter.php(361): CodeIgniter\CodeIgniter->handleRequest()
 9 FCPATH/index.php(79): CodeIgniter\CodeIgniter->run()
CRITICAL - 2023-11-13 17:08:58 --> Undefined variable: titre
in APPPATH/Views/affichage_accueil.php on line 1.
 1 APPPATH/Views/affichage_accueil.php(1): CodeIgniter\Debug\Exceptions->errorHandler()
 2 SYSTEMPATH/View/View.php(228): include('/home/2023DIFAL3/e22109603/public_html/V1/ci/app/Views/affichage_accueil.php')
 3 SYSTEMPATH/View/View.php(231): CodeIgniter\View\View->CodeIgniter\View\{closure}()
 4 SYSTEMPATH/Common.php(1190): CodeIgniter\View\View->render()
 5 APPPATH/Controllers/Accueil.php(11): view()
 6 SYSTEMPATH/CodeIgniter.php(942): App\Controllers\Accueil->afficher()
 7 SYSTEMPATH/CodeIgniter.php(502): CodeIgniter\CodeIgniter->runController()
 8 SYSTEMPATH/CodeIgniter.php(361): CodeIgniter\CodeIgniter->handleRequest()
 9 FCPATH/index.php(79): CodeIgniter\CodeIgniter->run()
CRITICAL - 2023-11-13 17:12:02 --> Undefined variable: titre
in APPPATH/Views/affichage_accueil.php on line 1.
 1 APPPATH/Views/affichage_accueil.php(1): CodeIgniter\Debug\Exceptions->errorHandler()
 2 SYSTEMPATH/View/View.php(228): include('/home/2023DIFAL3/e22109603/public_html/V1/ci/app/Views/affichage_accueil.php')
 3 SYSTEMPATH/View/View.php(231): CodeIgniter\View\View->CodeIgniter\View\{closure}()
 4 SYSTEMPATH/Common.php(1190): CodeIgniter\View\View->render()
 5 APPPATH/Controllers/Accueil.php(11): view()
 6 SYSTEMPATH/CodeIgniter.php(942): App\Controllers\Accueil->afficher()
 7 SYSTEMPATH/CodeIgniter.php(502): CodeIgniter\CodeIgniter->runController()
 8 SYSTEMPATH/CodeIgniter.php(361): CodeIgniter\CodeIgniter->handleRequest()
 9 FCPATH/index.php(79): CodeIgniter\CodeIgniter->run()
CRITICAL - 2023-11-13 17:36:19 --> Invalid file: "affichage_scenarios.php"
in SYSTEMPATH/Exceptions/FrameworkException.php on line 39.
 1 SYSTEMPATH/View/View.php(216): CodeIgniter\Exceptions\FrameworkException::forInvalidFile()
 2 SYSTEMPATH/Common.php(1190): CodeIgniter\View\View->render()
 3 APPPATH/Controllers/Scenario.php(14): view()
 4 SYSTEMPATH/CodeIgniter.php(942): App\Controllers\Scenario->lister()
 5 SYSTEMPATH/CodeIgniter.php(502): CodeIgniter\CodeIgniter->runController()
 6 SYSTEMPATH/CodeIgniter.php(361): CodeIgniter\CodeIgniter->handleRequest()
 7 FCPATH/index.php(79): CodeIgniter\CodeIgniter->run()
CRITICAL - 2023-11-13 17:38:36 --> Invalid file: "affichage_scenarios.php"
in SYSTEMPATH/Exceptions/FrameworkException.php on line 39.
 1 SYSTEMPATH/View/View.php(216): CodeIgniter\Exceptions\FrameworkException::forInvalidFile()
 2 SYSTEMPATH/Common.php(1190): CodeIgniter\View\View->render()
 3 APPPATH/Controllers/Scenario.php(14): view()
 4 SYSTEMPATH/CodeIgniter.php(942): App\Controllers\Scenario->lister()
 5 SYSTEMPATH/CodeIgniter.php(502): CodeIgniter\CodeIgniter->runController()
 6 SYSTEMPATH/CodeIgniter.php(361): CodeIgniter\CodeIgniter->handleRequest()
 7 FCPATH/index.php(79): CodeIgniter\CodeIgniter->run()
CRITICAL - 2023-11-13 17:38:38 --> Invalid file: "affichage_scenarios.php"
in SYSTEMPATH/Exceptions/FrameworkException.php on line 39.
 1 SYSTEMPATH/View/View.php(216): CodeIgniter\Exceptions\FrameworkException::forInvalidFile()
 2 SYSTEMPATH/Common.php(1190): CodeIgniter\View\View->render()
 3 APPPATH/Controllers/Scenario.php(14): view()
 4 SYSTEMPATH/CodeIgniter.php(942): App\Controllers\Scenario->lister()
 5 SYSTEMPATH/CodeIgniter.php(502): CodeIgniter\CodeIgniter->runController()
 6 SYSTEMPATH/CodeIgniter.php(361): CodeIgniter\CodeIgniter->handleRequest()
 7 FCPATH/index.php(79): CodeIgniter\CodeIgniter->run()
CRITICAL - 2023-11-13 17:38:39 --> Invalid file: "affichage_scenarios.php"
in SYSTEMPATH/Exceptions/FrameworkException.php on line 39.
 1 SYSTEMPATH/View/View.php(216): CodeIgniter\Exceptions\FrameworkException::forInvalidFile()
 2 SYSTEMPATH/Common.php(1190): CodeIgniter\View\View->render()
 3 APPPATH/Controllers/Scenario.php(14): view()
 4 SYSTEMPATH/CodeIgniter.php(942): App\Controllers\Scenario->lister()
 5 SYSTEMPATH/CodeIgniter.php(502): CodeIgniter\CodeIgniter->runController()
 6 SYSTEMPATH/CodeIgniter.php(361): CodeIgniter\CodeIgniter->handleRequest()
 7 FCPATH/index.php(79): CodeIgniter\CodeIgniter->run()
CRITICAL - 2023-11-13 17:38:39 --> Invalid file: "affichage_scenarios.php"
in SYSTEMPATH/Exceptions/FrameworkException.php on line 39.
 1 SYSTEMPATH/View/View.php(216): CodeIgniter\Exceptions\FrameworkException::forInvalidFile()
 2 SYSTEMPATH/Common.php(1190): CodeIgniter\View\View->render()
 3 APPPATH/Controllers/Scenario.php(14): view()
 4 SYSTEMPATH/CodeIgniter.php(942): App\Controllers\Scenario->lister()
 5 SYSTEMPATH/CodeIgniter.php(502): CodeIgniter\CodeIgniter->runController()
 6 SYSTEMPATH/CodeIgniter.php(361): CodeIgniter\CodeIgniter->handleRequest()
 7 FCPATH/index.php(79): CodeIgniter\CodeIgniter->run()
CRITICAL - 2023-11-13 17:38:39 --> Invalid file: "affichage_scenarios.php"
in SYSTEMPATH/Exceptions/FrameworkException.php on line 39.
 1 SYSTEMPATH/View/View.php(216): CodeIgniter\Exceptions\FrameworkException::forInvalidFile()
 2 SYSTEMPATH/Common.php(1190): CodeIgniter\View\View->render()
 3 APPPATH/Controllers/Scenario.php(14): view()
 4 SYSTEMPATH/CodeIgniter.php(942): App\Controllers\Scenario->lister()
 5 SYSTEMPATH/CodeIgniter.php(502): CodeIgniter\CodeIgniter->runController()
 6 SYSTEMPATH/CodeIgniter.php(361): CodeIgniter\CodeIgniter->handleRequest()
 7 FCPATH/index.php(79): CodeIgniter\CodeIgniter->run()
CRITICAL - 2023-11-13 17:39:59 --> Undefined property: stdClass::$scn_id
in APPPATH/Views/affichage_scenario.php on line 17.
 1 APPPATH/Views/affichage_scenario.php(17): CodeIgniter\Debug\Exceptions->errorHandler()
 2 SYSTEMPATH/View/View.php(228): include('/home/2023DIFAL3/e22109603/public_html/V1/ci/app/Views/affichage_scenario.php')
 3 SYSTEMPATH/View/View.php(231): CodeIgniter\View\View->CodeIgniter\View\{closure}()
 4 SYSTEMPATH/Common.php(1190): CodeIgniter\View\View->render()
 5 APPPATH/Controllers/Scenario.php(14): view()
 6 SYSTEMPATH/CodeIgniter.php(942): App\Controllers\Scenario->lister()
 7 SYSTEMPATH/CodeIgniter.php(502): CodeIgniter\CodeIgniter->runController()
 8 SYSTEMPATH/CodeIgniter.php(361): CodeIgniter\CodeIgniter->handleRequest()
 9 FCPATH/index.php(79): CodeIgniter\CodeIgniter->run()
ERROR - 2023-11-13 17:54:42 --> mysqli_sql_exception: Unknown column 'A' in 'where clause' in /home/2023DIFAL3/e22109603/public_html/V1/ci/system/Database/MySQLi/Connection.php:306
Stack trace:
#0 /home/2023DIFAL3/e22109603/public_html/V1/ci/system/Database/MySQLi/Connection.php(306): mysqli->query()
#1 /home/2023DIFAL3/e22109603/public_html/V1/ci/system/Database/BaseConnection.php(693): CodeIgniter\Database\MySQLi\Connection->execute()
#2 /home/2023DIFAL3/e22109603/public_html/V1/ci/system/Database/BaseConnection.php(607): CodeIgniter\Database\BaseConnection->simpleQuery()
#3 /home/2023DIFAL3/e22109603/public_html/V1/ci/app/Models/Db_model.php(51): CodeIgniter\Database\BaseConnection->query()
#4 /home/2023DIFAL3/e22109603/public_html/V1/ci/app/Controllers/Scenario.php(10): App\Models\Db_model->get_all_scenarios()
#5 /home/2023DIFAL3/e22109603/public_html/V1/ci/system/CodeIgniter.php(942): App\Controllers\Scenario->lister()
#6 /home/2023DIFAL3/e22109603/public_html/V1/ci/system/CodeIgniter.php(502): CodeIgniter\CodeIgniter->runController()
#7 /home/2023DIFAL3/e22109603/public_html/V1/ci/system/CodeIgniter.php(361): CodeIgniter\CodeIgniter->handleRequest()
#8 /home/2023DIFAL3/e22109603/public_html/V1/ci/public/index.php(79): CodeIgniter\CodeIgniter->run()
#9 {main}
CRITICAL - 2023-11-13 17:54:42 --> Unknown column 'A' in 'where clause'
in SYSTEMPATH/Database/BaseConnection.php on line 647.
 1 APPPATH/Models/Db_model.php(51): CodeIgniter\Database\BaseConnection->query()
 2 APPPATH/Controllers/Scenario.php(10): App\Models\Db_model->get_all_scenarios()
 3 SYSTEMPATH/CodeIgniter.php(942): App\Controllers\Scenario->lister()
 4 SYSTEMPATH/CodeIgniter.php(502): CodeIgniter\CodeIgniter->runController()
 5 SYSTEMPATH/CodeIgniter.php(361): CodeIgniter\CodeIgniter->handleRequest()
 6 FCPATH/index.php(79): CodeIgniter\CodeIgniter->run()
ERROR - 2023-11-13 18:02:30 --> mysqli_sql_exception: Table 'e22109603_db1.t_score_reu' doesn't exist in /home/2023DIFAL3/e22109603/public_html/V1/ci/system/Database/MySQLi/Connection.php:306
Stack trace:
#0 /home/2023DIFAL3/e22109603/public_html/V1/ci/system/Database/MySQLi/Connection.php(306): mysqli->query()
#1 /home/2023DIFAL3/e22109603/public_html/V1/ci/system/Database/BaseConnection.php(693): CodeIgniter\Database\MySQLi\Connection->execute()
#2 /home/2023DIFAL3/e22109603/public_html/V1/ci/system/Database/BaseConnection.php(607): CodeIgniter\Database\BaseConnection->simpleQuery()
#3 /home/2023DIFAL3/e22109603/public_html/V1/ci/app/Models/Db_model.php(51): CodeIgniter\Database\BaseConnection->query()
#4 /home/2023DIFAL3/e22109603/public_html/V1/ci/app/Controllers/Scenario.php(10): App\Models\Db_model->get_all_scenarios()
#5 /home/2023DIFAL3/e22109603/public_html/V1/ci/system/CodeIgniter.php(942): App\Controllers\Scenario->lister()
#6 /home/2023DIFAL3/e22109603/public_html/V1/ci/system/CodeIgniter.php(502): CodeIgniter\CodeIgniter->runController()
#7 /home/2023DIFAL3/e22109603/public_html/V1/ci/system/CodeIgniter.php(361): CodeIgniter\CodeIgniter->handleRequest()
#8 /home/2023DIFAL3/e22109603/public_html/V1/ci/public/index.php(79): CodeIgniter\CodeIgniter->run()
#9 {main}
CRITICAL - 2023-11-13 18:02:30 --> Table 'e22109603_db1.t_score_reu' doesn't exist
in SYSTEMPATH/Database/BaseConnection.php on line 647.
 1 APPPATH/Models/Db_model.php(51): CodeIgniter\Database\BaseConnection->query()
 2 APPPATH/Controllers/Scenario.php(10): App\Models\Db_model->get_all_scenarios()
 3 SYSTEMPATH/CodeIgniter.php(942): App\Controllers\Scenario->lister()
 4 SYSTEMPATH/CodeIgniter.php(502): CodeIgniter\CodeIgniter->runController()
 5 SYSTEMPATH/CodeIgniter.php(361): CodeIgniter\CodeIgniter->handleRequest()
 6 FCPATH/index.php(79): CodeIgniter\CodeIgniter->run()
ERROR - 2023-11-13 18:02:31 --> mysqli_sql_exception: Table 'e22109603_db1.t_score_reu' doesn't exist in /home/2023DIFAL3/e22109603/public_html/V1/ci/system/Database/MySQLi/Connection.php:306
Stack trace:
#0 /home/2023DIFAL3/e22109603/public_html/V1/ci/system/Database/MySQLi/Connection.php(306): mysqli->query()
#1 /home/2023DIFAL3/e22109603/public_html/V1/ci/system/Database/BaseConnection.php(693): CodeIgniter\Database\MySQLi\Connection->execute()
#2 /home/2023DIFAL3/e22109603/public_html/V1/ci/system/Database/BaseConnection.php(607): CodeIgniter\Database\BaseConnection->simpleQuery()
#3 /home/2023DIFAL3/e22109603/public_html/V1/ci/app/Models/Db_model.php(51): CodeIgniter\Database\BaseConnection->query()
#4 /home/2023DIFAL3/e22109603/public_html/V1/ci/app/Controllers/Scenario.php(10): App\Models\Db_model->get_all_scenarios()
#5 /home/2023DIFAL3/e22109603/public_html/V1/ci/system/CodeIgniter.php(942): App\Controllers\Scenario->lister()
#6 /home/2023DIFAL3/e22109603/public_html/V1/ci/system/CodeIgniter.php(502): CodeIgniter\CodeIgniter->runController()
#7 /home/2023DIFAL3/e22109603/public_html/V1/ci/system/CodeIgniter.php(361): CodeIgniter\CodeIgniter->handleRequest()
#8 /home/2023DIFAL3/e22109603/public_html/V1/ci/public/index.php(79): CodeIgniter\CodeIgniter->run()
#9 {main}
CRITICAL - 2023-11-13 18:02:31 --> Table 'e22109603_db1.t_score_reu' doesn't exist
in SYSTEMPATH/Database/BaseConnection.php on line 647.
 1 APPPATH/Models/Db_model.php(51): CodeIgniter\Database\BaseConnection->query()
 2 APPPATH/Controllers/Scenario.php(10): App\Models\Db_model->get_all_scenarios()
 3 SYSTEMPATH/CodeIgniter.php(942): App\Controllers\Scenario->lister()
 4 SYSTEMPATH/CodeIgniter.php(502): CodeIgniter\CodeIgniter->runController()
 5 SYSTEMPATH/CodeIgniter.php(361): CodeIgniter\CodeIgniter->handleRequest()
 6 FCPATH/index.php(79): CodeIgniter\CodeIgniter->run()
CRITICAL - 2023-11-13 18:04:55 --> Cannot use object of type stdClass as array
in APPPATH/Views/affichage_scenario.php on line 50.
 1 SYSTEMPATH/View/View.php(228): include()
 2 SYSTEMPATH/View/View.php(231): CodeIgniter\View\View->CodeIgniter\View\{closure}()
 3 SYSTEMPATH/Common.php(1190): CodeIgniter\View\View->render()
 4 APPPATH/Controllers/Scenario.php(14): view()
 5 SYSTEMPATH/CodeIgniter.php(942): App\Controllers\Scenario->lister()
 6 SYSTEMPATH/CodeIgniter.php(502): CodeIgniter\CodeIgniter->runController()
 7 SYSTEMPATH/CodeIgniter.php(361): CodeIgniter\CodeIgniter->handleRequest()
 8 FCPATH/index.php(79): CodeIgniter\CodeIgniter->run()
