INFO - 2023-11-21 12:46:17 --> Session: Class initialized using 'CodeIgniter\Session\Handlers\FileHandler' driver.
CRITICAL - 2023-11-21 12:46:17 --> chmod() has been disabled for security reasons
in SYSTEMPATH/Log/Handlers/FileHandler.php on line 119.
 1 [internal function]: CodeIgniter\Debug\Exceptions->errorHandler()
 2 SYSTEMPATH/Log/Handlers/FileHandler.php(119): chmod()
 3 SYSTEMPATH/Log/Logger.php(294): CodeIgniter\Log\Handlers\FileHandler->handle()
 4 SYSTEMPATH/Log/Logger.php(233): CodeIgniter\Log\Logger->log()
 5 SYSTEMPATH/Session/Session.php(260): CodeIgniter\Log\Logger->info()
 6 SYSTEMPATH/Config/Services.php(693): CodeIgniter\Session\Session->start()
 7 SYSTEMPATH/Config/BaseService.php(258): CodeIgniter\Config\Services::session()
 8 SYSTEMPATH/Config/BaseService.php(199): CodeIgniter\Config\BaseService::__callStatic()
 9 SYSTEMPATH/Config/Services.php(664): CodeIgniter\Config\BaseService::getSharedInstance()
10 SYSTEMPATH/Config/BaseService.php(258): CodeIgniter\Config\Services::session()
11 SYSTEMPATH/Common.php(996): CodeIgniter\Config\BaseService::__callStatic()
12 APPPATH/Views/compte/compte_creer.php(3): session()
13 SYSTEMPATH/View/View.php(228): include('/home/2023DIFAL3/e22109603/public_html/V1/ci/app/Views/compte/compte_creer.php')
14 SYSTEMPATH/View/View.php(231): CodeIgniter\View\View->CodeIgniter\View\{closure}()
15 SYSTEMPATH/Common.php(1190): CodeIgniter\View\View->render()
16 APPPATH/Controllers/Compte.php(95): view()
17 SYSTEMPATH/CodeIgniter.php(942): App\Controllers\Compte->creer()
18 SYSTEMPATH/CodeIgniter.php(502): CodeIgniter\CodeIgniter->runController()
19 SYSTEMPATH/CodeIgniter.php(361): CodeIgniter\CodeIgniter->handleRequest()
20 FCPATH/index.php(79): CodeIgniter\CodeIgniter->run()
INFO - 2023-11-21 12:48:15 --> Session: Class initialized using 'CodeIgniter\Session\Handlers\FileHandler' driver.
INFO - 2023-11-21 12:48:22 --> Session: Class initialized using 'CodeIgniter\Session\Handlers\FileHandler' driver.
INFO - 2023-11-21 12:48:27 --> Session: Class initialized using 'CodeIgniter\Session\Handlers\FileHandler' driver.
ERROR - 2023-11-21 13:29:38 --> mysqli_sql_exception: Unknown column 't_actualite_act.scn_id' in 'on clause' in /home/2023DIFAL3/e22109603/public_html/V1/ci/system/Database/MySQLi/Connection.php:306
Stack trace:
#0 /home/2023DIFAL3/e22109603/public_html/V1/ci/system/Database/MySQLi/Connection.php(306): mysqli->query()
#1 /home/2023DIFAL3/e22109603/public_html/V1/ci/system/Database/BaseConnection.php(693): CodeIgniter\Database\MySQLi\Connection->execute()
#2 /home/2023DIFAL3/e22109603/public_html/V1/ci/system/Database/BaseConnection.php(607): CodeIgniter\Database\BaseConnection->simpleQuery()
#3 /home/2023DIFAL3/e22109603/public_html/V1/ci/app/Models/Db_model.php(43): CodeIgniter\Database\BaseConnection->query()
#4 /home/2023DIFAL3/e22109603/public_html/V1/ci/app/Controllers/Accueil.php(11): App\Models\Db_model->get_all_actualites()
#5 /home/2023DIFAL3/e22109603/public_html/V1/ci/system/CodeIgniter.php(942): App\Controllers\Accueil->member()
#6 /home/2023DIFAL3/e22109603/public_html/V1/ci/system/CodeIgniter.php(502): CodeIgniter\CodeIgniter->runController()
#7 /home/2023DIFAL3/e22109603/public_html/V1/ci/system/CodeIgniter.php(361): CodeIgniter\CodeIgniter->handleRequest()
#8 /home/2023DIFAL3/e22109603/public_html/V1/ci/public/index.php(79): CodeIgniter\CodeIgniter->run()
#9 {main}
CRITICAL - 2023-11-21 13:29:38 --> Unknown column 't_actualite_act.scn_id' in 'on clause'
in SYSTEMPATH/Database/BaseConnection.php on line 647.
 1 APPPATH/Models/Db_model.php(43): CodeIgniter\Database\BaseConnection->query()
 2 APPPATH/Controllers/Accueil.php(11): App\Models\Db_model->get_all_actualites()
 3 SYSTEMPATH/CodeIgniter.php(942): App\Controllers\Accueil->member()
 4 SYSTEMPATH/CodeIgniter.php(502): CodeIgniter\CodeIgniter->runController()
 5 SYSTEMPATH/CodeIgniter.php(361): CodeIgniter\CodeIgniter->handleRequest()
 6 FCPATH/index.php(79): CodeIgniter\CodeIgniter->run()
ERROR - 2023-11-21 13:31:21 --> mysqli_sql_exception: Unknown column 't_actualite_act.scn_id' in 'on clause' in /home/2023DIFAL3/e22109603/public_html/V1/ci/system/Database/MySQLi/Connection.php:306
Stack trace:
#0 /home/2023DIFAL3/e22109603/public_html/V1/ci/system/Database/MySQLi/Connection.php(306): mysqli->query()
#1 /home/2023DIFAL3/e22109603/public_html/V1/ci/system/Database/BaseConnection.php(693): CodeIgniter\Database\MySQLi\Connection->execute()
#2 /home/2023DIFAL3/e22109603/public_html/V1/ci/system/Database/BaseConnection.php(607): CodeIgniter\Database\BaseConnection->simpleQuery()
#3 /home/2023DIFAL3/e22109603/public_html/V1/ci/app/Models/Db_model.php(43): CodeIgniter\Database\BaseConnection->query()
#4 /home/2023DIFAL3/e22109603/public_html/V1/ci/app/Controllers/Accueil.php(11): App\Models\Db_model->get_all_actualites()
#5 /home/2023DIFAL3/e22109603/public_html/V1/ci/system/CodeIgniter.php(942): App\Controllers\Accueil->member()
#6 /home/2023DIFAL3/e22109603/public_html/V1/ci/system/CodeIgniter.php(502): CodeIgniter\CodeIgniter->runController()
#7 /home/2023DIFAL3/e22109603/public_html/V1/ci/system/CodeIgniter.php(361): CodeIgniter\CodeIgniter->handleRequest()
#8 /home/2023DIFAL3/e22109603/public_html/V1/ci/public/index.php(79): CodeIgniter\CodeIgniter->run()
#9 {main}
CRITICAL - 2023-11-21 13:31:21 --> Unknown column 't_actualite_act.scn_id' in 'on clause'
in SYSTEMPATH/Database/BaseConnection.php on line 647.
 1 APPPATH/Models/Db_model.php(43): CodeIgniter\Database\BaseConnection->query()
 2 APPPATH/Controllers/Accueil.php(11): App\Models\Db_model->get_all_actualites()
 3 SYSTEMPATH/CodeIgniter.php(942): App\Controllers\Accueil->member()
 4 SYSTEMPATH/CodeIgniter.php(502): CodeIgniter\CodeIgniter->runController()
 5 SYSTEMPATH/CodeIgniter.php(361): CodeIgniter\CodeIgniter->handleRequest()
 6 FCPATH/index.php(79): CodeIgniter\CodeIgniter->run()
ERROR - 2023-11-21 13:31:23 --> mysqli_sql_exception: Unknown column 't_actualite_act.scn_id' in 'on clause' in /home/2023DIFAL3/e22109603/public_html/V1/ci/system/Database/MySQLi/Connection.php:306
Stack trace:
#0 /home/2023DIFAL3/e22109603/public_html/V1/ci/system/Database/MySQLi/Connection.php(306): mysqli->query()
#1 /home/2023DIFAL3/e22109603/public_html/V1/ci/system/Database/BaseConnection.php(693): CodeIgniter\Database\MySQLi\Connection->execute()
#2 /home/2023DIFAL3/e22109603/public_html/V1/ci/system/Database/BaseConnection.php(607): CodeIgniter\Database\BaseConnection->simpleQuery()
#3 /home/2023DIFAL3/e22109603/public_html/V1/ci/app/Models/Db_model.php(43): CodeIgniter\Database\BaseConnection->query()
#4 /home/2023DIFAL3/e22109603/public_html/V1/ci/app/Controllers/Accueil.php(11): App\Models\Db_model->get_all_actualites()
#5 /home/2023DIFAL3/e22109603/public_html/V1/ci/system/CodeIgniter.php(942): App\Controllers\Accueil->member()
#6 /home/2023DIFAL3/e22109603/public_html/V1/ci/system/CodeIgniter.php(502): CodeIgniter\CodeIgniter->runController()
#7 /home/2023DIFAL3/e22109603/public_html/V1/ci/system/CodeIgniter.php(361): CodeIgniter\CodeIgniter->handleRequest()
#8 /home/2023DIFAL3/e22109603/public_html/V1/ci/public/index.php(79): CodeIgniter\CodeIgniter->run()
#9 {main}
CRITICAL - 2023-11-21 13:31:23 --> Unknown column 't_actualite_act.scn_id' in 'on clause'
in SYSTEMPATH/Database/BaseConnection.php on line 647.
 1 APPPATH/Models/Db_model.php(43): CodeIgniter\Database\BaseConnection->query()
 2 APPPATH/Controllers/Accueil.php(11): App\Models\Db_model->get_all_actualites()
 3 SYSTEMPATH/CodeIgniter.php(942): App\Controllers\Accueil->member()
 4 SYSTEMPATH/CodeIgniter.php(502): CodeIgniter\CodeIgniter->runController()
 5 SYSTEMPATH/CodeIgniter.php(361): CodeIgniter\CodeIgniter->handleRequest()
 6 FCPATH/index.php(79): CodeIgniter\CodeIgniter->run()
ERROR - 2023-11-21 13:33:32 --> mysqli_sql_exception: Unknown column 't_actualite_act.scn_id' in 'on clause' in /home/2023DIFAL3/e22109603/public_html/V1/ci/system/Database/MySQLi/Connection.php:306
Stack trace:
#0 /home/2023DIFAL3/e22109603/public_html/V1/ci/system/Database/MySQLi/Connection.php(306): mysqli->query()
#1 /home/2023DIFAL3/e22109603/public_html/V1/ci/system/Database/BaseConnection.php(693): CodeIgniter\Database\MySQLi\Connection->execute()
#2 /home/2023DIFAL3/e22109603/public_html/V1/ci/system/Database/BaseConnection.php(607): CodeIgniter\Database\BaseConnection->simpleQuery()
#3 /home/2023DIFAL3/e22109603/public_html/V1/ci/app/Models/Db_model.php(43): CodeIgniter\Database\BaseConnection->query()
#4 /home/2023DIFAL3/e22109603/public_html/V1/ci/app/Controllers/Accueil.php(11): App\Models\Db_model->get_all_actualites()
#5 /home/2023DIFAL3/e22109603/public_html/V1/ci/system/CodeIgniter.php(942): App\Controllers\Accueil->member()
#6 /home/2023DIFAL3/e22109603/public_html/V1/ci/system/CodeIgniter.php(502): CodeIgniter\CodeIgniter->runController()
#7 /home/2023DIFAL3/e22109603/public_html/V1/ci/system/CodeIgniter.php(361): CodeIgniter\CodeIgniter->handleRequest()
#8 /home/2023DIFAL3/e22109603/public_html/V1/ci/public/index.php(79): CodeIgniter\CodeIgniter->run()
#9 {main}
CRITICAL - 2023-11-21 13:33:32 --> Unknown column 't_actualite_act.scn_id' in 'on clause'
in SYSTEMPATH/Database/BaseConnection.php on line 647.
 1 APPPATH/Models/Db_model.php(43): CodeIgniter\Database\BaseConnection->query()
 2 APPPATH/Controllers/Accueil.php(11): App\Models\Db_model->get_all_actualites()
 3 SYSTEMPATH/CodeIgniter.php(942): App\Controllers\Accueil->member()
 4 SYSTEMPATH/CodeIgniter.php(502): CodeIgniter\CodeIgniter->runController()
 5 SYSTEMPATH/CodeIgniter.php(361): CodeIgniter\CodeIgniter->handleRequest()
 6 FCPATH/index.php(79): CodeIgniter\CodeIgniter->run()
ERROR - 2023-11-21 13:51:12 --> mysqli_sql_exception: You have an error in your SQL syntax; check the manual that corresponds to your MariaDB server version for the right syntax to use near 'SSELECT act_id, act_intitule, act_description, cmp_nom AS Auteur, act_date, t...' at line 1 in /home/2023DIFAL3/e22109603/public_html/V1/ci/system/Database/MySQLi/Connection.php:306
Stack trace:
#0 /home/2023DIFAL3/e22109603/public_html/V1/ci/system/Database/MySQLi/Connection.php(306): mysqli->query()
#1 /home/2023DIFAL3/e22109603/public_html/V1/ci/system/Database/BaseConnection.php(693): CodeIgniter\Database\MySQLi\Connection->execute()
#2 /home/2023DIFAL3/e22109603/public_html/V1/ci/system/Database/BaseConnection.php(607): CodeIgniter\Database\BaseConnection->simpleQuery()
#3 /home/2023DIFAL3/e22109603/public_html/V1/ci/app/Models/Db_model.php(43): CodeIgniter\Database\BaseConnection->query()
#4 /home/2023DIFAL3/e22109603/public_html/V1/ci/app/Controllers/Accueil.php(11): App\Models\Db_model->get_all_actualites()
#5 /home/2023DIFAL3/e22109603/public_html/V1/ci/system/CodeIgniter.php(942): App\Controllers\Accueil->member()
#6 /home/2023DIFAL3/e22109603/public_html/V1/ci/system/CodeIgniter.php(502): CodeIgniter\CodeIgniter->runController()
#7 /home/2023DIFAL3/e22109603/public_html/V1/ci/system/CodeIgniter.php(361): CodeIgniter\CodeIgniter->handleRequest()
#8 /home/2023DIFAL3/e22109603/public_html/V1/ci/public/index.php(79): CodeIgniter\CodeIgniter->run()
#9 {main}
CRITICAL - 2023-11-21 13:51:12 --> You have an error in your SQL syntax; check the manual that corresponds to your MariaDB server version for the right syntax to use near 'SSELECT act_id, act_intitule, act_description, cmp_nom AS Auteur, act_date, t...' at line 1
in SYSTEMPATH/Database/BaseConnection.php on line 647.
 1 APPPATH/Models/Db_model.php(43): CodeIgniter\Database\BaseConnection->query()
 2 APPPATH/Controllers/Accueil.php(11): App\Models\Db_model->get_all_actualites()
 3 SYSTEMPATH/CodeIgniter.php(942): App\Controllers\Accueil->member()
 4 SYSTEMPATH/CodeIgniter.php(502): CodeIgniter\CodeIgniter->runController()
 5 SYSTEMPATH/CodeIgniter.php(361): CodeIgniter\CodeIgniter->handleRequest()
 6 FCPATH/index.php(79): CodeIgniter\CodeIgniter->run()
ERROR - 2023-11-21 13:51:18 --> mysqli_sql_exception: You have an error in your SQL syntax; check the manual that corresponds to your MariaDB server version for the right syntax to use near 'SSELECT act_id, act_intitule, act_description, cmp_nom AS Auteur, act_date, t...' at line 1 in /home/2023DIFAL3/e22109603/public_html/V1/ci/system/Database/MySQLi/Connection.php:306
Stack trace:
#0 /home/2023DIFAL3/e22109603/public_html/V1/ci/system/Database/MySQLi/Connection.php(306): mysqli->query()
#1 /home/2023DIFAL3/e22109603/public_html/V1/ci/system/Database/BaseConnection.php(693): CodeIgniter\Database\MySQLi\Connection->execute()
#2 /home/2023DIFAL3/e22109603/public_html/V1/ci/system/Database/BaseConnection.php(607): CodeIgniter\Database\BaseConnection->simpleQuery()
#3 /home/2023DIFAL3/e22109603/public_html/V1/ci/app/Models/Db_model.php(43): CodeIgniter\Database\BaseConnection->query()
#4 /home/2023DIFAL3/e22109603/public_html/V1/ci/app/Controllers/Accueil.php(11): App\Models\Db_model->get_all_actualites()
#5 /home/2023DIFAL3/e22109603/public_html/V1/ci/system/CodeIgniter.php(942): App\Controllers\Accueil->member()
#6 /home/2023DIFAL3/e22109603/public_html/V1/ci/system/CodeIgniter.php(502): CodeIgniter\CodeIgniter->runController()
#7 /home/2023DIFAL3/e22109603/public_html/V1/ci/system/CodeIgniter.php(361): CodeIgniter\CodeIgniter->handleRequest()
#8 /home/2023DIFAL3/e22109603/public_html/V1/ci/public/index.php(79): CodeIgniter\CodeIgniter->run()
#9 {main}
CRITICAL - 2023-11-21 13:51:18 --> You have an error in your SQL syntax; check the manual that corresponds to your MariaDB server version for the right syntax to use near 'SSELECT act_id, act_intitule, act_description, cmp_nom AS Auteur, act_date, t...' at line 1
in SYSTEMPATH/Database/BaseConnection.php on line 647.
 1 APPPATH/Models/Db_model.php(43): CodeIgniter\Database\BaseConnection->query()
 2 APPPATH/Controllers/Accueil.php(11): App\Models\Db_model->get_all_actualites()
 3 SYSTEMPATH/CodeIgniter.php(942): App\Controllers\Accueil->member()
 4 SYSTEMPATH/CodeIgniter.php(502): CodeIgniter\CodeIgniter->runController()
 5 SYSTEMPATH/CodeIgniter.php(361): CodeIgniter\CodeIgniter->handleRequest()
 6 FCPATH/index.php(79): CodeIgniter\CodeIgniter->run()
CRITICAL - 2023-11-21 16:13:17 --> Undefined index: scn_etat
in APPPATH/Views/affichage_scenario.php on line 73.
 1 APPPATH/Views/affichage_scenario.php(73): CodeIgniter\Debug\Exceptions->errorHandler()
 2 SYSTEMPATH/View/View.php(228): include('/home/2023DIFAL3/e22109603/public_html/V1/ci/app/Views/affichage_scenario.php')
 3 SYSTEMPATH/View/View.php(231): CodeIgniter\View\View->CodeIgniter\View\{closure}()
 4 SYSTEMPATH/Common.php(1190): CodeIgniter\View\View->render()
 5 APPPATH/Controllers/Scenario.php(15): view()
 6 SYSTEMPATH/CodeIgniter.php(942): App\Controllers\Scenario->lister()
 7 SYSTEMPATH/CodeIgniter.php(502): CodeIgniter\CodeIgniter->runController()
 8 SYSTEMPATH/CodeIgniter.php(361): CodeIgniter\CodeIgniter->handleRequest()
 9 FCPATH/index.php(79): CodeIgniter\CodeIgniter->run()
INFO - 2023-11-21 17:33:05 --> Session: Class initialized using 'CodeIgniter\Session\Handlers\FileHandler' driver.
INFO - 2023-11-21 17:33:11 --> Session: Class initialized using 'CodeIgniter\Session\Handlers\FileHandler' driver.
INFO - 2023-11-21 17:41:41 --> Session: Class initialized using 'CodeIgniter\Session\Handlers\FileHandler' driver.
INFO - 2023-11-21 18:06:38 --> Session: Class initialized using 'CodeIgniter\Session\Handlers\FileHandler' driver.
INFO - 2023-11-21 18:24:38 --> Session: Class initialized using 'CodeIgniter\Session\Handlers\FileHandler' driver.
CRITICAL - 2023-11-21 18:38:35 --> You must set the database table to be used with your query.
in SYSTEMPATH/Database/BaseConnection.php on line 884.
 1 SYSTEMPATH/Model.php(635): CodeIgniter\Database\BaseConnection->table()
 2 SYSTEMPATH/Model.php(863): CodeIgniter\Model->builder()
 3 APPPATH/Controllers/Scenario.php(25): CodeIgniter\Model->__call()
 4 SYSTEMPATH/CodeIgniter.php(942): App\Controllers\Scenario->afficherPremiereEtape()
 5 SYSTEMPATH/CodeIgniter.php(502): CodeIgniter\CodeIgniter->runController()
 6 SYSTEMPATH/CodeIgniter.php(361): CodeIgniter\CodeIgniter->handleRequest()
 7 FCPATH/index.php(79): CodeIgniter\CodeIgniter->run()
CRITICAL - 2023-11-21 19:10:00 --> syntax error, unexpected end of file, expecting function (T_FUNCTION) or const (T_CONST)
in APPPATH/Controllers/Scenario.php on line 45.
 1 SYSTEMPATH/Autoloader/Autoloader.php(291): CodeIgniter\Autoloader\Autoloader->includeFile()
 2 SYSTEMPATH/Autoloader/Autoloader.php(269): CodeIgniter\Autoloader\Autoloader->loadInNamespace()
 3 [internal function]: CodeIgniter\Autoloader\Autoloader->loadClass()
 4 [internal function]: spl_autoload_call()
 5 SYSTEMPATH/CodeIgniter.php(900): class_exists()
 6 SYSTEMPATH/CodeIgniter.php(489): CodeIgniter\CodeIgniter->startController()
 7 SYSTEMPATH/CodeIgniter.php(361): CodeIgniter\CodeIgniter->handleRequest()
 8 FCPATH/index.php(79): CodeIgniter\CodeIgniter->run()
